<?xml version="1.0" encoding="UTF-8"?>
<!-- Generated by org.testng.reporters.JUnitReportReporter -->
<testsuite hostname="Padma-PC" name="test.NewTest" tests="1" failures="0" timestamp="1 Dec 2013 00:26:46 GMT" time="0.022" errors="0">
  <testcase name="f" time="0.022" classname="test.NewTest"/>
</testsuite> <!-- test.NewTest -->
